Arguments: 
  /usr/local/bin/node /usr/local/bin/yarn add react-html-parser

PATH: 
  /home/bhanuprakash/Documents/LAB4/node-v16.13.2-linux-x64:/home/bhanuprakash/.local/bin:/usr/local/sbin:/usr/local/bin:/usr/sbin:/usr/bin:/sbin:/bin:/usr/games:/usr/local/games:/snap/bin

Yarn version: 
  1.22.17

Node version: 
  16.13.2

Platform: 
  linux x64

Trace: 
  Error: ENOENT: no such file or directory, copyfile '/home/bhanuprakash/.cache/yarn/v6/npm-webpack-5.72.0-f8bc40d9c6bb489a4b7a8a685101d6022b8b6e28-integrity/node_modules/webpack/lib/EvalSourceMapDevToolPlugin.js' -> '/home/bhanuprakash/Documents/DB_PROJECT/reactjs/node_modules/webpack/lib/EvalSourceMapDevToolPlugin.js'

npm manifest: 
  {
    "name": "reactjs",
    "version": "0.1.0",
    "private": true,
    "dependencies": {
      "@testing-library/jest-dom": "^5.16.1",
      "@testing-library/react": "^12.1.2",
      "@testing-library/user-event": "^13.5.0",
      "bootstrap": "^5.1.3",
      "chart.js": "^3.7.0",
      "chartjs-plugin-datalabels": "^2.0.0",
      "devextreme": "^21.2.4",
      "devextreme-react": "^21.2.4",
      "faker": "^6.6.6",
      "html-react-parser": "^1.4.12",
      "react": "^17.0.2",
      "react-bootstrap": "^2.2.3",
      "react-chartjs-2": "^4.0.1",
      "react-dom": "^17.0.2",
      "react-fetch-hook": "^1.8.5",
      "react-google-charts": "^4.0.0",
      "react-router-bootstrap": "^0.26.0",
      "react-router-dom": "^6.2.1",
      "react-scripts": "5.0.0",
      "reactstrap": "^9.0.1",
      "useref": "^1.4.3",
      "web-vitals": "^2.1.4"
    },
    "scripts": {
      "start": "react-scripts start",
      "build": "react-scripts build",
      "test": "react-scripts test",
      "eject": "react-scripts eject"
    },
    "eslintConfig": {
      "extends": [
        "react-app",
        "react-app/jest"
      ]
    },
    "browserslist": {
      "production": [
        ">0.2%",
        "not dead",
        "not op_mini all"
      ],
      "development": [
        "last 1 chrome version",
        "last 1 firefox version",
        "last 1 safari version"
      ]
    },
    "devDependencies": {
      "devextreme-themebuilder": "^21.2.4"
    }
  }

yarn manifest: 
  No manifest

Lockfile: 
  No lockfile
